<?xml version="1.0" encoding="UTF-8"?>
<!-- Generated by org.testng.reporters.JUnitReportReporter -->
<testsuite hostname="RevathiSankar" name="com.usitsolutions.automation.SampleTest" tests="1" failures="0" timestamp="21 Aug 2015 15:20:27 GMT" time="0.001" errors="0">
  <testcase name="sampleTest" time="0.001" classname="com.usitsolutions.automation.SampleTest"/>
</testsuite> <!-- com.usitsolutions.automation.SampleTest -->
